<?xml version="1.0" encoding="UTF-8"?>
<testsuite xmlns:xsi="http://www.w3.org/2001/XMLSchema-instance" xsi:noNamespaceSchemaLocation="https://maven.apache.org/surefire/maven-surefire-plugin/xsd/surefire-test-report.xsd" version="3.0.1" name="test.java.com.um.prog.MainTest" time="0.072" tests="3" errors="0" skipped="0" failures="0">
  <properties>
[...]
</properties>
  <testcase name="enviado" classname="test.java.com.um.prog.MainTest" time="0.031"/>
  <testcase name="payment" classname="test.java.com.um.prog.MainTest" time="0.003"/>
  <testcase name="empaquetado" classname="test.java.com.um.prog.MainTest" time="0.003"/>
</testsuite>